  Source.cpp
C:\Users\Наталья\Desktop\работа\rotate---interpol---bmp\R---I---B\R---I---B\Source.cpp(118,14): warning C4244: =: преобразование "double" в "size_t", возможна потеря данных
C:\Users\Наталья\Desktop\работа\rotate---interpol---bmp\R---I---B\R---I---B\Source.cpp(119,14): warning C4244: =: преобразование "double" в "size_t", возможна потеря данных
C:\Users\Наталья\Desktop\работа\rotate---interpol---bmp\R---I---B\R---I---B\Source.cpp(125,72): warning C4244: =: преобразование "double" в "int", возможна потеря данных
C:\Users\Наталья\Desktop\работа\rotate---interpol---bmp\R---I---B\R---I---B\Source.cpp(126,67): warning C4244: =: преобразование "double" в "int", возможна потеря данных
C:\Users\Наталья\Desktop\работа\rotate---interpol---bmp\R---I---B\R---I---B\Source.cpp(127,67): warning C4244: =: преобразование "double" в "int", возможна потеря данных
C:\Users\Наталья\Desktop\работа\rotate---interpol---bmp\R---I---B\R---I---B\Source.cpp(128,60): warning C4244: =: преобразование "double" в "int", возможна потеря данных
C:\Users\Наталья\Desktop\работа\rotate---interpol---bmp\R---I---B\R---I---B\Source.cpp(129,68): warning C4244: =: преобразование "double" в "int", возможна потеря данных
C:\Users\Наталья\Desktop\работа\rotate---interpol---bmp\R---I---B\R---I---B\Source.cpp(130,68): warning C4244: =: преобразование "double" в "int", возможна потеря данных
C:\Users\Наталья\Desktop\работа\rotate---interpol---bmp\R---I---B\R---I---B\Source.cpp(131,61): warning C4244: =: преобразование "double" в "int", возможна потеря данных
C:\Users\Наталья\Desktop\работа\rotate---interpol---bmp\R---I---B\R---I---B\Source.cpp(132,61): warning C4244: =: преобразование "double" в "int", возможна потеря данных
C:\Users\Наталья\Desktop\работа\rotate---interpol---bmp\R---I---B\R---I---B\Source.cpp(133,67): warning C4244: =: преобразование "double" в "int", возможна потеря данных
C:\Users\Наталья\Desktop\работа\rotate---interpol---bmp\R---I---B\R---I---B\Source.cpp(134,67): warning C4244: =: преобразование "double" в "int", возможна потеря данных
C:\Users\Наталья\Desktop\работа\rotate---interpol---bmp\R---I---B\R---I---B\Source.cpp(135,62): warning C4244: =: преобразование "double" в "int", возможна потеря данных
C:\Users\Наталья\Desktop\работа\rotate---interpol---bmp\R---I---B\R---I---B\Source.cpp(136,63): warning C4244: =: преобразование "double" в "int", возможна потеря данных
C:\Users\Наталья\Desktop\работа\rotate---interpol---bmp\R---I---B\R---I---B\Source.cpp(137,63): warning C4244: =: преобразование "double" в "int", возможна потеря данных
C:\Users\Наталья\Desktop\работа\rotate---interpol---bmp\R---I---B\R---I---B\Source.cpp(138,63): warning C4244: =: преобразование "double" в "int", возможна потеря данных
C:\Users\Наталья\Desktop\работа\rotate---interpol---bmp\R---I---B\R---I---B\Source.cpp(139,63): warning C4244: =: преобразование "double" в "int", возможна потеря данных
C:\Users\Наталья\Desktop\работа\rotate---interpol---bmp\R---I---B\R---I---B\Source.cpp(140,62): warning C4244: =: преобразование "double" в "int", возможна потеря данных
C:\Users\Наталья\Desktop\работа\rotate---interpol---bmp\R---I---B\R---I---B\Source.cpp(146,1): error C2186: +: недопустимый операнд типа "void"
C:\Users\Наталья\Desktop\работа\rotate---interpol---bmp\R---I---B\R---I---B\Source.cpp(147,27): warning C4244: =: преобразование "double" в "BYTE", возможна потеря данных
C:\Users\Наталья\Desktop\работа\rotate---interpol---bmp\R---I---B\R---I---B\Source.cpp(148,28): warning C4244: =: преобразование "double" в "BYTE", возможна потеря данных
C:\Users\Наталья\Desktop\работа\rotate---interpol---bmp\R---I---B\R---I---B\Source.cpp(149,26): warning C4244: =: преобразование "double" в "BYTE", возможна потеря данных
C:\Users\Наталья\Desktop\работа\rotate---interpol---bmp\R---I---B\R---I---B\Source.cpp(158,13): warning C4244: =: преобразование "double" в "size_t", возможна потеря данных
C:\Users\Наталья\Desktop\работа\rotate---interpol---bmp\R---I---B\R---I---B\Source.cpp(159,13): warning C4244: =: преобразование "double" в "size_t", возможна потеря данных
C:\Users\Наталья\Desktop\работа\rotate---interpol---bmp\R---I---B\R---I---B\Source.cpp(167,27): warning C4244: =: преобразование "double" в "BYTE", возможна потеря данных
C:\Users\Наталья\Desktop\работа\rotate---interpol---bmp\R---I---B\R---I---B\Source.cpp(168,28): warning C4244: =: преобразование "double" в "BYTE", возможна потеря данных
C:\Users\Наталья\Desktop\работа\rotate---interpol---bmp\R---I---B\R---I---B\Source.cpp(169,26): warning C4244: =: преобразование "double" в "BYTE", возможна потеря данных
C:\Users\Наталья\Desktop\работа\rotate---interpol---bmp\R---I---B\R---I---B\Source.cpp(178,13): warning C4244: =: преобразование "double" в "size_t", возможна потеря данных
C:\Users\Наталья\Desktop\работа\rotate---interpol---bmp\R---I---B\R---I---B\Source.cpp(179,13): warning C4244: =: преобразование "double" в "size_t", возможна потеря данных
C:\Users\Наталья\Desktop\работа\rotate---interpol---bmp\R---I---B\R---I---B\Source.cpp(187,27): warning C4244: =: преобразование "double" в "BYTE", возможна потеря данных
C:\Users\Наталья\Desktop\работа\rotate---interpol---bmp\R---I---B\R---I---B\Source.cpp(188,28): warning C4244: =: преобразование "double" в "BYTE", возможна потеря данных
C:\Users\Наталья\Desktop\работа\rotate---interpol---bmp\R---I---B\R---I---B\Source.cpp(189,26): warning C4244: =: преобразование "double" в "BYTE", возможна потеря данных
C:\Users\Наталья\Desktop\работа\rotate---interpol---bmp\R---I---B\R---I---B\Source.cpp(240,16): warning C4244: =: преобразование "double" в "size_t", возможна потеря данных
C:\Users\Наталья\Desktop\работа\rotate---interpol---bmp\R---I---B\R---I---B\Source.cpp(241,16): warning C4244: =: преобразование "double" в "size_t", возможна потеря данных
C:\Users\Наталья\Desktop\работа\rotate---interpol---bmp\R---I---B\R---I---B\Source.cpp(242,16): warning C4244: =: преобразование "double" в "size_t", возможна потеря данных
C:\Users\Наталья\Desktop\работа\rotate---interpol---bmp\R---I---B\R---I---B\Source.cpp(243,17): warning C4244: +=: преобразование "double" в "size_t", возможна потеря данных
C:\Users\Наталья\Desktop\работа\rotate---interpol---bmp\R---I---B\R---I---B\Source.cpp(244,1): warning C4267: =: преобразование из "size_t" в "LONG"; возможна потеря данных
C:\Users\Наталья\Desktop\работа\rotate---interpol---bmp\R---I---B\R---I---B\Source.cpp(246,16): warning C4244: =: преобразование "double" в "size_t", возможна потеря данных
C:\Users\Наталья\Desktop\работа\rotate---interpol---bmp\R---I---B\R---I---B\Source.cpp(247,16): warning C4244: =: преобразование "double" в "size_t", возможна потеря данных
C:\Users\Наталья\Desktop\работа\rotate---interpol---bmp\R---I---B\R---I---B\Source.cpp(248,16): warning C4244: =: преобразование "double" в "size_t", возможна потеря данных
C:\Users\Наталья\Desktop\работа\rotate---interpol---bmp\R---I---B\R---I---B\Source.cpp(249,17): warning C4244: +=: преобразование "double" в "size_t", возможна потеря данных
C:\Users\Наталья\Desktop\работа\rotate---interpol---bmp\R---I---B\R---I---B\Source.cpp(250,1): warning C4267: =: преобразование из "size_t" в "LONG"; возможна потеря данных
